TN:
SF:src/client/client.ts
FN:2,Client
FN:4,getId
FN:8,getUniqueList
FNF:3
FNH:3
FNDA:2,Client
FNDA:4,getId
FNDA:2,getUniqueList
DA:1,1
DA:2,1
DA:3,1
DA:4,1
DA:5,4
DA:6,4
DA:7,1
DA:8,1
DA:9,2
DA:10,2
DA:11,1
LF:11
LH:11
BRDA:2,0,0,2
BRDA:4,1,0,4
BRDA:8,2,0,2
BRF:3
BRH:3
end_of_record
TN:
SF:src/server/server.ts
FN:8,Server
FN:10,addClient
FN:14,validateClientListUniqueness
FN:20,aggregateClientLists
FNF:4
FNH:4
FNDA:2,Server
FNDA:2,addClient
FNDA:2,validateClientListUniqueness
FNDA:2,aggregateClientLists
DA:1,1
DA:2,1
DA:3,1
DA:4,1
DA:5,1
DA:6,1
DA:7,1
DA:8,1
DA:9,1
DA:10,1
DA:11,2
DA:12,2
DA:13,1
DA:14,1
DA:15,2
DA:16,2
DA:17,2
DA:18,2
DA:19,1
DA:20,1
DA:21,2
DA:22,0
DA:23,0
DA:24,2
DA:25,2
DA:26,2
DA:27,2
DA:28,2
DA:29,0
DA:30,0
DA:31,2
DA:32,2
DA:33,2
DA:34,2
DA:35,1
DA:36,1
LF:36
LH:32
BRDA:8,0,0,2
BRDA:10,1,0,2
BRDA:14,2,0,2
BRDA:20,3,0,2
BRDA:21,4,0,0
BRDA:26,5,0,2
BRDA:28,6,0,0
BRF:7
BRH:5
end_of_record
TN:
SF:src/utils/list_utils.ts
FN:3,listHasDuplicates
FNF:1
FNH:1
FNDA:2,listHasDuplicates
DA:1,1
DA:2,1
DA:3,2
DA:4,2
DA:5,2
LF:5
LH:5
BRDA:3,0,0,2
BRF:1
BRH:1
end_of_record
TN:
SF:src_orig/client/client.ts
FN:2,Client
FNF:1
FNH:1
FNDA:2,Client
DA:1,1
DA:2,1
DA:3,2
DA:4,2
DA:5,1
LF:5
LH:5
BRDA:2,0,0,2
BRF:1
BRH:1
end_of_record
TN:
SF:src_orig/server/server.ts
FN:8,Server
FN:10,addClient
FN:14,validateClientListUniqueness
FNF:3
FNH:2
FNDA:2,Server
FNDA:0,addClient
FNDA:2,validateClientListUniqueness
DA:1,1
DA:2,1
DA:3,1
DA:4,1
DA:5,1
DA:6,1
DA:7,1
DA:8,1
DA:9,1
DA:10,1
DA:11,0
DA:12,0
DA:13,1
DA:14,1
DA:15,2
DA:16,2
DA:17,2
DA:18,1
LF:18
LH:16
BRDA:8,0,0,2
BRDA:14,1,0,2
BRF:2
BRH:2
end_of_record
TN:
SF:src_orig/utils/list_utils.ts
FN:3,listHasDuplicates
FNF:1
FNH:1
FNDA:6,listHasDuplicates
DA:1,1
DA:2,1
DA:3,6
DA:4,6
DA:5,6
LF:5
LH:5
BRDA:3,0,0,6
BRF:1
BRH:1
end_of_record
